Added Component: Designator=LCD1(64128Q)
Add component. Clean all parameters for all variants
Add component (AddParameter): Name = "Name"; Value = "128x 64 DOT LIGHT:LED 64128QCCBW-3LP (DIS) 0.4/DOT 75x53mm BLUE STN LOW.POW. WIDE TEMP. (CONTROLLER/DRIVER: SBN6400G-D + SBN0064G-D)"; VariantName = "[No Variations]"
Add component (AddParameter): Name = "Reference"; Value = "37-00-71"; VariantName = "[No Variations]"
Add component (AddParameter): Name = "Supplier"; Value = "Lomex"; VariantName = "[No Variations]"
Added Pin To Net: NetName=+5 Pin=LCD1-1
Added Pin To Net: NetName=GND Pin=LCD1-2
Added Pin To Net: NetName=NetLCD1_3 Pin=LCD1-3
Added Pin To Net: NetName=B0 Pin=LCD1-4
Added Pin To Net: NetName=B1 Pin=LCD1-5
Added Pin To Net: NetName=B2 Pin=LCD1-6
Added Pin To Net: NetName=B3 Pin=LCD1-7
Added Pin To Net: NetName=B4 Pin=LCD1-8
Added Pin To Net: NetName=B5 Pin=LCD1-9
Added Pin To Net: NetName=B6 Pin=LCD1-10
Added Pin To Net: NetName=B7 Pin=LCD1-11
Added Pin To Net: NetName=/CS1 Pin=LCD1-12
Added Pin To Net: NetName=/CS2 Pin=LCD1-13
Added Pin To Net: NetName=RST Pin=LCD1-14
Added Pin To Net: NetName=R/W Pin=LCD1-15
Added Pin To Net: NetName=D/I Pin=LCD1-16
Added Pin To Net: NetName=E Pin=LCD1-17
Added Pin To Net: NetName=NetLCD1_18 Pin=LCD1-18
Added Pin To Net: NetName=+5 Pin=LCD1-19
Added Pin To Net: NetName=NetLCD1_20 Pin=LCD1-20
Added Member To Class: ClassName=Nucleo Member=Component LCD1 64128QCCBW-3LP
