Change component parameters: Designator = "U1"; Footprint = "FP_NUCLEO-64"; UniqueID = "\OAGXDWKT"
Change component parameters. Clean all parameters for all variants
Change component parameters (AddParameter): Name = "Name"; Value = "Nucleo F446RE"; VariantName = "[No Variations]"
Change component parameters (AddParameter): Name = "Reference"; Value = "NUCLEO"; VariantName = "[No Variations]"
Change component parameters (AddParameter): Name = "Supplier"; Value = "Tanszék"; VariantName = "[No Variations]"
Added Component: Designator=B1(FP_BTN_SMD_3x6)
Add component. Clean all parameters for all variants
Add component (AddParameter): Name = "Name"; Value = "TACT 3x 6 2P SPST 1 TS-363 (FEM) SMD 3.5x6mm H=4.3mm"; VariantName = "[No Variations]"
Add component (AddParameter): Name = "Reference"; Value = "45-08-58"; VariantName = "[No Variations]"
Add component (AddParameter): Name = "Supplier"; Value = "Lomex"; VariantName = "[No Variations]"
Added Component: Designator=B2(FP_BTN_SMD_3x6)
Add component. Clean all parameters for all variants
Add component (AddParameter): Name = "Name"; Value = "TACT 3x 6 2P SPST 1 TS-363 (FEM) SMD 3.5x6mm H=4.3mm"; VariantName = "[No Variations]"
Add component (AddParameter): Name = "Reference"; Value = "45-08-58"; VariantName = "[No Variations]"
Add component (AddParameter): Name = "Supplier"; Value = "Lomex"; VariantName = "[No Variations]"
Added Component: Designator=C1(FP_0805_CAP_085)
Add component. Clean all parameters for all variants
Add component (AddParameter): Name = "Name"; Value = "100nF 0805 10% 50V X7R 0805B104K500CT (WAL)"; VariantName = "[No Variations]"
Add component (AddParameter): Name = "Reference"; Value = "82-10-76"; VariantName = "[No Variations]"
Add component (AddParameter): Name = "Supplier"; Value = "Lomex"; VariantName = "[No Variations]"
Add component (AddParameter): Name = "Tolerance"; Value = "10%"; VariantName = "[No Variations]"
Add component (AddParameter): Name = "Value"; Value = "100nF"; VariantName = "[No Variations]"
Add component (AddParameter): Name = "Voltage"; Value = "50V"; VariantName = "[No Variations]"
Added Component: Designator=C2(FP_0805_CAP_085)
Add component. Clean all parameters for all variants
Add component (AddParameter): Name = "Name"; Value = "100nF 0805 10% 50V X7R 0805B104K500CT (WAL)"; VariantName = "[No Variations]"
Add component (AddParameter): Name = "Reference"; Value = "82-10-76"; VariantName = "[No Variations]"
Add component (AddParameter): Name = "Supplier"; Value = "Lomex"; VariantName = "[No Variations]"
Add component (AddParameter): Name = "Tolerance"; Value = "10%"; VariantName = "[No Variations]"
Add component (AddParameter): Name = "Value"; Value = "100nF"; VariantName = "[No Variations]"
Add component (AddParameter): Name = "Voltage"; Value = "50V"; VariantName = "[No Variations]"
Added Component: Designator=C3(FP_0805_CAP_085)
Add component. Clean all parameters for all variants
Add component (AddParameter): Name = "Name"; Value = "100nF 0805 10% 50V X7R 0805B104K500CT (WAL)"; VariantName = "[No Variations]"
Add component (AddParameter): Name = "Reference"; Value = "82-10-76"; VariantName = "[No Variations]"
Add component (AddParameter): Name = "Supplier"; Value = "Lomex"; VariantName = "[No Variations]"
Add component (AddParameter): Name = "Tolerance"; Value = "10%"; VariantName = "[No Variations]"
Add component (AddParameter): Name = "Value"; Value = "100nF"; VariantName = "[No Variations]"
Add component (AddParameter): Name = "Voltage"; Value = "50V"; VariantName = "[No Variations]"
Added Component: Designator=C4(FP_0805_CAP_085)
Add component. Clean all parameters for all variants
Add component (AddParameter): Name = "Name"; Value = "100nF 0805 10% 50V X7R 0805B104K500CT (WAL)"; VariantName = "[No Variations]"
Add component (AddParameter): Name = "Reference"; Value = "82-10-76"; VariantName = "[No Variations]"
Add component (AddParameter): Name = "Supplier"; Value = "Lomex"; VariantName = "[No Variations]"
Add component (AddParameter): Name = "Tolerance"; Value = "10%"; VariantName = "[No Variations]"
Add component (AddParameter): Name = "Value"; Value = "100nF"; VariantName = "[No Variations]"
Add component (AddParameter): Name = "Voltage"; Value = "50V"; VariantName = "[No Variations]"
Added Component: Designator=C5(FP_0805_CAP_085)
Add component. Clean all parameters for all variants
Add component (AddParameter): Name = "Name"; Value = "100nF 0805 10% 50V X7R 0805B104K500CT (WAL)"; VariantName = "[No Variations]"
Add component (AddParameter): Name = "Reference"; Value = "82-10-76"; VariantName = "[No Variations]"
Add component (AddParameter): Name = "Supplier"; Value = "Lomex"; VariantName = "[No Variations]"
Add component (AddParameter): Name = "Tolerance"; Value = "10%"; VariantName = "[No Variations]"
Add component (AddParameter): Name = "Value"; Value = "100nF"; VariantName = "[No Variations]"
Add component (AddParameter): Name = "Voltage"; Value = "50V"; VariantName = "[No Variations]"
Added Component: Designator=C6(FP_0805_CAP_085)
Add component. Clean all parameters for all variants
Add component (AddParameter): Name = "Name"; Value = "100nF 0805 10% 50V X7R 0805B104K500CT (WAL)"; VariantName = "[No Variations]"
Add component (AddParameter): Name = "Reference"; Value = "82-10-76"; VariantName = "[No Variations]"
Add component (AddParameter): Name = "Supplier"; Value = "Lomex"; VariantName = "[No Variations]"
Add component (AddParameter): Name = "Tolerance"; Value = "10%"; VariantName = "[No Variations]"
Add component (AddParameter): Name = "Value"; Value = "100nF"; VariantName = "[No Variations]"
Add component (AddParameter): Name = "Voltage"; Value = "50V"; VariantName = "[No Variations]"
Added Component: Designator=C7(FP_0805_CAP_085)
Add component. Clean all parameters for all variants
Add component (AddParameter): Name = "Name"; Value = "100nF 0805 10% 50V X7R 0805B104K500CT (WAL)"; VariantName = "[No Variations]"
Add component (AddParameter): Name = "Reference"; Value = "82-10-76"; VariantName = "[No Variations]"
Add component (AddParameter): Name = "Supplier"; Value = "Lomex"; VariantName = "[No Variations]"
Add component (AddParameter): Name = "Tolerance"; Value = "10%"; VariantName = "[No Variations]"
Add component (AddParameter): Name = "Value"; Value = "100nF"; VariantName = "[No Variations]"
Add component (AddParameter): Name = "Voltage"; Value = "50V"; VariantName = "[No Variations]"
Added Component: Designator=D1(FP_SMB)
Add component. Clean all parameters for all variants
Add component (AddParameter): Name = "Name"; Value = "5.6V 3W 1SMB5919BT3G (ONS) CASE403A SMB (DO-214AA)"; VariantName = "[No Variations]"
Add component (AddParameter): Name = "Reference"; Value = "85-00-39"; VariantName = "[No Variations]"
Add component (AddParameter): Name = "Supplier"; Value = "Lomex"; VariantName = "[No Variations]"
Add component (AddParameter): Name = "U_Z"; Value = "5.6"; VariantName = "[No Variations]"
Added Component: Designator=J1(FP_DC_TAP_ANYA)
Add component. Clean all parameters for all variants
Add component (AddParameter): Name = "Name"; Value = "TÁP DC ANYA 5.5/2.1/9.5mm DCS-5521-5"; VariantName = "[No Variations]"
Add component (AddParameter): Name = "Reference"; Value = "43-07-67"; VariantName = "[No Variations]"
Add component (AddParameter): Name = "Supplier"; Value = "Lomex"; VariantName = "[No Variations]"
Added Component: Designator=Q1(FP_SOT23-3)
Add component. Clean all parameters for all variants
Add component (AddParameter): Name = "Name"; Value = "BSS84 (FAI) P-FET 50V 0.13A Rds<10R SOT-23 ½13*½"; VariantName = "[No Variations]"
Add component (AddParameter): Name = "Reference"; Value = "86-03-27"; VariantName = "[No Variations]"
Add component (AddParameter): Name = "Supplier"; Value = "Lomex"; VariantName = "[No Variations]"
Added Component: Designator=R1(FP_0805_RES)
Add component. Clean all parameters for all variants
Add component (AddParameter): Name = "Name"; Value = "3K90 0805 5% CR-05JL7---3K9 0.125W (VIK)"; VariantName = "[No Variations]"
Add component (AddParameter): Name = "Power"; Value = "125mW"; VariantName = "[No Variations]"
Add component (AddParameter): Name = "Reference"; Value = "81-10-94"; VariantName = "[No Variations]"
Add component (AddParameter): Name = "Supplier"; Value = "Lomex"; VariantName = "[No Variations]"
Add component (AddParameter): Name = "Tolerance"; Value = "5%"; VariantName = "[No Variations]"
Add component (AddParameter): Name = "Value"; Value = "3K9"; VariantName = "[No Variations]"
Added Component: Designator=R/oe(FP_0805_RES)
Add component. Clean all parameters for all variants
Add component (AddParameter): Name = "Name"; Value = "100K 0805 5% CR-05JL7--100K 0.125W (VIK)"; VariantName = "[No Variations]"
Add component (AddParameter): Name = "Power"; Value = "125mW"; VariantName = "[No Variations]"
Add component (AddParameter): Name = "Reference"; Value = "81-11-11"; VariantName = "[No Variations]"
Add component (AddParameter): Name = "Supplier"; Value = "Lomex"; VariantName = "[No Variations]"
Add component (AddParameter): Name = "Tolerance"; Value = "5%"; VariantName = "[No Variations]"
Add component (AddParameter): Name = "Value"; Value = "100K"; VariantName = "[No Variations]"
Added Component: Designator=RB1(FP_0805_RES)
Add component. Clean all parameters for all variants
Add component (AddParameter): Name = "Name"; Value = "100K 0805 5% CR-05JL7--100K 0.125W (VIK)"; VariantName = "[No Variations]"
Add component (AddParameter): Name = "Power"; Value = "125mW"; VariantName = "[No Variations]"
Add component (AddParameter): Name = "Reference"; Value = "81-11-11"; VariantName = "[No Variations]"
Add component (AddParameter): Name = "Supplier"; Value = "Lomex"; VariantName = "[No Variations]"
Add component (AddParameter): Name = "Tolerance"; Value = "5%"; VariantName = "[No Variations]"
Add component (AddParameter): Name = "Value"; Value = "100K"; VariantName = "[No Variations]"
Added Component: Designator=RB2(FP_0805_RES)
Add component. Clean all parameters for all variants
Add component (AddParameter): Name = "Name"; Value = "100K 0805 5% CR-05JL7--100K 0.125W (VIK)"; VariantName = "[No Variations]"
Add component (AddParameter): Name = "Power"; Value = "125mW"; VariantName = "[No Variations]"
Add component (AddParameter): Name = "Reference"; Value = "81-11-11"; VariantName = "[No Variations]"
Add component (AddParameter): Name = "Supplier"; Value = "Lomex"; VariantName = "[No Variations]"
Add component (AddParameter): Name = "Tolerance"; Value = "5%"; VariantName = "[No Variations]"
Add component (AddParameter): Name = "Value"; Value = "100K"; VariantName = "[No Variations]"
Added Component: Designator=Rcr(FP_0805_RES)
Add component. Clean all parameters for all variants
Add component (AddParameter): Name = "Name"; Value = "27R0 0805 5% CR-05JL7---27R 0.125W (VIK)"; VariantName = "[No Variations]"
Add component (AddParameter): Name = "Power"; Value = "125mW"; VariantName = "[No Variations]"
Add component (AddParameter): Name = "Reference"; Value = "81-10-68"; VariantName = "[No Variations]"
Add component (AddParameter): Name = "Supplier"; Value = "Lomex"; VariantName = "[No Variations]"
Add component (AddParameter): Name = "Tolerance"; Value = "5%"; VariantName = "[No Variations]"
Add component (AddParameter): Name = "Value"; Value = "27R"; VariantName = "[No Variations]"
Added Component: Designator=Rd0(FP_0805_RES)
Add component. Clean all parameters for all variants
Add component (AddParameter): Name = "Name"; Value = "1K00 0805 5% CR-05JL7----1K 0.125W (VIK)"; VariantName = "[No Variations]"
Add component (AddParameter): Name = "Power"; Value = "125mW"; VariantName = "[No Variations]"
Add component (AddParameter): Name = "Reference"; Value = "81-10-87"; VariantName = "[No Variations]"
Add component (AddParameter): Name = "Supplier"; Value = "Lomex"; VariantName = "[No Variations]"
Add component (AddParameter): Name = "Tolerance"; Value = "5%"; VariantName = "[No Variations]"
Add component (AddParameter): Name = "Value"; Value = "1K"; VariantName = "[No Variations]"
Added Component: Designator=Rd1(FP_0805_RES)
Add component. Clean all parameters for all variants
Add component (AddParameter): Name = "Name"; Value = "1K00 0805 5% CR-05JL7----1K 0.125W (VIK)"; VariantName = "[No Variations]"
Add component (AddParameter): Name = "Power"; Value = "125mW"; VariantName = "[No Variations]"
Add component (AddParameter): Name = "Reference"; Value = "81-10-87"; VariantName = "[No Variations]"
Add component (AddParameter): Name = "Supplier"; Value = "Lomex"; VariantName = "[No Variations]"
Add component (AddParameter): Name = "Tolerance"; Value = "5%"; VariantName = "[No Variations]"
Add component (AddParameter): Name = "Value"; Value = "1K"; VariantName = "[No Variations]"
Added Component: Designator=Rd2(FP_0805_RES)
Add component. Clean all parameters for all variants
Add component (AddParameter): Name = "Name"; Value = "1K00 0805 5% CR-05JL7----1K 0.125W (VIK)"; VariantName = "[No Variations]"
Add component (AddParameter): Name = "Power"; Value = "125mW"; VariantName = "[No Variations]"
Add component (AddParameter): Name = "Reference"; Value = "81-10-87"; VariantName = "[No Variations]"
Add component (AddParameter): Name = "Supplier"; Value = "Lomex"; VariantName = "[No Variations]"
Add component (AddParameter): Name = "Tolerance"; Value = "5%"; VariantName = "[No Variations]"
Add component (AddParameter): Name = "Value"; Value = "1K"; VariantName = "[No Variations]"
Added Component: Designator=Rd3(FP_0805_RES)
Add component. Clean all parameters for all variants
Add component (AddParameter): Name = "Name"; Value = "1K00 0805 5% CR-05JL7----1K 0.125W (VIK)"; VariantName = "[No Variations]"
Add component (AddParameter): Name = "Power"; Value = "125mW"; VariantName = "[No Variations]"
Add component (AddParameter): Name = "Reference"; Value = "81-10-87"; VariantName = "[No Variations]"
Add component (AddParameter): Name = "Supplier"; Value = "Lomex"; VariantName = "[No Variations]"
Add component (AddParameter): Name = "Tolerance"; Value = "5%"; VariantName = "[No Variations]"
Add component (AddParameter): Name = "Value"; Value = "1K"; VariantName = "[No Variations]"
Added Component: Designator=Rd4(FP_0805_RES)
Add component. Clean all parameters for all variants
Add component (AddParameter): Name = "Name"; Value = "1K00 0805 5% CR-05JL7----1K 0.125W (VIK)"; VariantName = "[No Variations]"
Add component (AddParameter): Name = "Power"; Value = "125mW"; VariantName = "[No Variations]"
Add component (AddParameter): Name = "Reference"; Value = "81-10-87"; VariantName = "[No Variations]"
Add component (AddParameter): Name = "Supplier"; Value = "Lomex"; VariantName = "[No Variations]"
Add component (AddParameter): Name = "Tolerance"; Value = "5%"; VariantName = "[No Variations]"
Add component (AddParameter): Name = "Value"; Value = "1K"; VariantName = "[No Variations]"
Added Component: Designator=Rd5(FP_0805_RES)
Add component. Clean all parameters for all variants
Add component (AddParameter): Name = "Name"; Value = "1K00 0805 5% CR-05JL7----1K 0.125W (VIK)"; VariantName = "[No Variations]"
Add component (AddParameter): Name = "Power"; Value = "125mW"; VariantName = "[No Variations]"
Add component (AddParameter): Name = "Reference"; Value = "81-10-87"; VariantName = "[No Variations]"
Add component (AddParameter): Name = "Supplier"; Value = "Lomex"; VariantName = "[No Variations]"
Add component (AddParameter): Name = "Tolerance"; Value = "5%"; VariantName = "[No Variations]"
Add component (AddParameter): Name = "Value"; Value = "1K"; VariantName = "[No Variations]"
Added Component: Designator=Rd6(FP_0805_RES)
Add component. Clean all parameters for all variants
Add component (AddParameter): Name = "Name"; Value = "1K00 0805 5% CR-05JL7----1K 0.125W (VIK)"; VariantName = "[No Variations]"
Add component (AddParameter): Name = "Power"; Value = "125mW"; VariantName = "[No Variations]"
Add component (AddParameter): Name = "Reference"; Value = "81-10-87"; VariantName = "[No Variations]"
Add component (AddParameter): Name = "Supplier"; Value = "Lomex"; VariantName = "[No Variations]"
Add component (AddParameter): Name = "Tolerance"; Value = "5%"; VariantName = "[No Variations]"
Add component (AddParameter): Name = "Value"; Value = "1K"; VariantName = "[No Variations]"
Added Component: Designator=Rd7(FP_0805_RES)
Add component. Clean all parameters for all variants
Add component (AddParameter): Name = "Name"; Value = "1K00 0805 5% CR-05JL7----1K 0.125W (VIK)"; VariantName = "[No Variations]"
Add component (AddParameter): Name = "Power"; Value = "125mW"; VariantName = "[No Variations]"
Add component (AddParameter): Name = "Reference"; Value = "81-10-87"; VariantName = "[No Variations]"
Add component (AddParameter): Name = "Supplier"; Value = "Lomex"; VariantName = "[No Variations]"
Add component (AddParameter): Name = "Tolerance"; Value = "5%"; VariantName = "[No Variations]"
Add component (AddParameter): Name = "Value"; Value = "1K"; VariantName = "[No Variations]"
Added Component: Designator=Rload(FP_0805_RES)
Add component. Clean all parameters for all variants
Add component (AddParameter): Name = "Name"; Value = "4K70 0805 5% WR08X472JTL 0.125W (WAL)"; VariantName = "[No Variations]"
Add component (AddParameter): Name = "Power"; Value = "125mW"; VariantName = "[No Variations]"
Add component (AddParameter): Name = "Reference"; Value = "81-28-05"; VariantName = "[No Variations]"
Add component (AddParameter): Name = "Supplier"; Value = "Lomex"; VariantName = "[No Variations]"
Add component (AddParameter): Name = "Tolerance"; Value = "5%"; VariantName = "[No Variations]"
Add component (AddParameter): Name = "Value"; Value = "4K7"; VariantName = "[No Variations]"
Added Component: Designator=Rrst(FP_0805_RES)
Add component. Clean all parameters for all variants
Add component (AddParameter): Name = "Name"; Value = "10K0 0805 5% CR-05JL7---10K 0.125W (VIK)"; VariantName = "[No Variations]"
Add component (AddParameter): Name = "Power"; Value = "125mW"; VariantName = "[No Variations]"
Add component (AddParameter): Name = "Reference"; Value = "81-10-99"; VariantName = "[No Variations]"
Add component (AddParameter): Name = "Supplier"; Value = "Lomex"; VariantName = "[No Variations]"
Add component (AddParameter): Name = "Tolerance"; Value = "5%"; VariantName = "[No Variations]"
Add component (AddParameter): Name = "Value"; Value = "10K"; VariantName = "[No Variations]"
Added Component: Designator=RTrim(FP_RES_POT)
Add component. Clean all parameters for all variants
Add component (AddParameter): Name = "1"; Value = ""; VariantName = "[No Variations]"
Add component (AddParameter): Name = "2"; Value = ""; VariantName = "[No Variations]"
Add component (AddParameter): Name = "3"; Value = ""; VariantName = "[No Variations]"
Add component (AddParameter): Name = "4"; Value = ""; VariantName = "[No Variations]"
Add component (AddParameter): Name = "5"; Value = "Enter the Resistance value and the set point into parameter fields."; VariantName = "[No Variations]"
Add component (AddParameter): Name = "Name"; Value = "2K20 PT10LV10 (KEN) D=10 TOP ADJ. 5x10"; VariantName = "[No Variations]"
Add component (AddParameter): Name = "Reference"; Value = "05-07-17"; VariantName = "[No Variations]"
Add component (AddParameter): Name = "Supplier"; Value = "Lomex"; VariantName = "[No Variations]"
Add component (AddParameter): Name = "Value"; Value = "10-2200R"; VariantName = "[No Variations]"
Added Pin To Net: NetName=+3 Pin=RB1-2
Added Pin To Net: NetName=+3 Pin=RB2-2
Added Net: Name=+3
Added Pin To Net: NetName=+5 Pin=D1-2
Added Pin To Net: NetName=+5 Pin=R/oe-2
Added Pin To Net: NetName=+5 Pin=U1-6
Added Net: Name=+5
Added Net: Name=/CS1
Added Net: Name=/CS2
Added Pin To Net: NetName=3V3Acc Pin=C6-2
Added Pin To Net: NetName=3V3Acc Pin=C7-2
Added Pin To Net: NetName=3V3Acc Pin=U1-16
Added Net: Name=3V3Acc
Added Pin To Net: NetName=5VLCD Pin=C3-2
Added Pin To Net: NetName=5VLCD Pin=C4-2
Added Pin To Net: NetName=5VLCD Pin=C5-2
Added Pin To Net: NetName=5VLCD Pin=U1-18
Added Net: Name=5VLCD
Added Net: Name=B0
Added Net: Name=B1
Added Net: Name=B2
Added Net: Name=B3
Added Net: Name=B4
Added Net: Name=B5
Added Net: Name=B6
Added Net: Name=B7
Added Net: Name=D/I
Added Net: Name=E
Added Pin To Net: NetName=GND Pin=B1-2
Added Pin To Net: NetName=GND Pin=B2-2
Added Pin To Net: NetName=GND Pin=C1-1
Added Pin To Net: NetName=GND Pin=C2-1
Added Pin To Net: NetName=GND Pin=C3-1
Added Pin To Net: NetName=GND Pin=C4-1
Added Pin To Net: NetName=GND Pin=C5-1
Added Pin To Net: NetName=GND Pin=C6-1
Added Pin To Net: NetName=GND Pin=C7-1
Added Pin To Net: NetName=GND Pin=D1-1
Added Pin To Net: NetName=GND Pin=J1-2
Added Pin To Net: NetName=GND Pin=Q1-2
Added Pin To Net: NetName=GND Pin=R1-1
Added Pin To Net: NetName=GND Pin=Rrst-1
Added Pin To Net: NetName=GND Pin=U1-8
Added Pin To Net: NetName=GND Pin=U1-19
Added Pin To Net: NetName=GND Pin=U1-20
Added Pin To Net: NetName=GND Pin=U1-22
Added Pin To Net: NetName=GND Pin=U1-47
Added Pin To Net: NetName=GND Pin=U1-58
Added Net: Name=GND
Added Pin To Net: NetName=NetA1_14 Pin=U1-41
Added Net: Name=NetA1_14
Added Pin To Net: NetName=NetA1_15 Pin=U1-43
Added Net: Name=NetA1_15
Added Pin To Net: NetName=NetA1_19 Pin=U1-54
Added Net: Name=NetA1_19
Added Pin To Net: NetName=NetA1_20 Pin=U1-63
Added Net: Name=NetA1_20
Added Pin To Net: NetName=NetA1_21 Pin=U1-64
Added Net: Name=NetA1_21
Added Pin To Net: NetName=NetA1_22 Pin=U1-66
Added Net: Name=NetA1_22
Added Pin To Net: NetName=NetB1_1 Pin=B1-1
Added Pin To Net: NetName=NetB1_1 Pin=C2-2
Added Pin To Net: NetName=NetB1_1 Pin=RB1-1
Added Pin To Net: NetName=NetB1_1 Pin=U1-65
Added Net: Name=NetB1_1
Added Pin To Net: NetName=NetB2_1 Pin=B2-1
Added Pin To Net: NetName=NetB2_1 Pin=C1-2
Added Pin To Net: NetName=NetB2_1 Pin=RB2-1
Added Pin To Net: NetName=NetB2_1 Pin=U1-67
Added Net: Name=NetB2_1
Added Pin To Net: NetName=NetF1_1 Pin=J1-1
Added Net: Name=NetF1_1
Added Pin To Net: NetName=NetLCD1_3 Pin=R1-2
Added Pin To Net: NetName=NetLCD1_3 Pin=RTrim-3
Added Net: Name=NetLCD1_3
Added Pin To Net: NetName=NetLCD1_18 Pin=RTrim-2
Added Net: Name=NetLCD1_18
Added Pin To Net: NetName=NetLCD1_20 Pin=Rcr-2
Added Net: Name=NetLCD1_20
Added Pin To Net: NetName=NetQ1_1 Pin=Q1-1
Added Pin To Net: NetName=NetQ1_1 Pin=Rload-2
Added Net: Name=NetQ1_1
Added Pin To Net: NetName=NetQ1_2 Pin=Q1-3
Added Pin To Net: NetName=NetQ1_2 Pin=Rcr-1
Added Net: Name=NetQ1_2
Added Pin To Net: NetName=NetR/oe_1 Pin=R/oe-1
Added Pin To Net: NetName=NetR/oe_1 Pin=U1-61
Added Net: Name=NetR/oe_1
Added Pin To Net: NetName=NetRd0_1 Pin=Rd0-1
Added Pin To Net: NetName=NetRd0_1 Pin=U1-38
Added Net: Name=NetRd0_1
Added Pin To Net: NetName=NetRd0_2 Pin=Rd0-2
Added Net: Name=NetRd0_2
Added Pin To Net: NetName=NetRd1_1 Pin=Rd1-1
Added Pin To Net: NetName=NetRd1_1 Pin=U1-36
Added Net: Name=NetRd1_1
Added Pin To Net: NetName=NetRd1_2 Pin=Rd1-2
Added Net: Name=NetRd1_2
Added Pin To Net: NetName=NetRd2_1 Pin=Rd2-1
Added Pin To Net: NetName=NetRd2_1 Pin=U1-35
Added Net: Name=NetRd2_1
Added Pin To Net: NetName=NetRd2_2 Pin=Rd2-2
Added Net: Name=NetRd2_2
Added Pin To Net: NetName=NetRd3_1 Pin=Rd3-1
Added Pin To Net: NetName=NetRd3_1 Pin=U1-37
Added Net: Name=NetRd3_1
Added Pin To Net: NetName=NetRd3_2 Pin=Rd3-2
Added Net: Name=NetRd3_2
Added Pin To Net: NetName=NetRd4_1 Pin=Rd4-1
Added Pin To Net: NetName=NetRd4_1 Pin=U1-72
Added Net: Name=NetRd4_1
Added Pin To Net: NetName=NetRd4_2 Pin=Rd4-2
Added Net: Name=NetRd4_2
Added Pin To Net: NetName=NetRd5_1 Pin=Rd5-1
Added Pin To Net: NetName=NetRd5_1 Pin=U1-44
Added Net: Name=NetRd5_1
Added Pin To Net: NetName=NetRd5_2 Pin=Rd5-2
Added Net: Name=NetRd5_2
Added Pin To Net: NetName=NetRd6_1 Pin=Rd6-1
Added Pin To Net: NetName=NetRd6_1 Pin=U1-42
Added Net: Name=NetRd6_1
Added Pin To Net: NetName=NetRd6_2 Pin=Rd6-2
Added Net: Name=NetRd6_2
Added Pin To Net: NetName=NetRd7_1 Pin=Rd7-1
Added Pin To Net: NetName=NetRd7_1 Pin=U1-57
Added Net: Name=NetRd7_1
Added Pin To Net: NetName=NetRd7_2 Pin=Rd7-2
Added Net: Name=NetRd7_2
Added Pin To Net: NetName=NetRload_1 Pin=Rload-1
Added Pin To Net: NetName=NetRload_1 Pin=U1-55
Added Net: Name=NetRload_1
Added Pin To Net: NetName=NetU1_1 Pin=U1-1
Added Net: Name=NetU1_1
Added Pin To Net: NetName=NetU1_3 Pin=U1-3
Added Net: Name=NetU1_3
Added Pin To Net: NetName=NetU1_50 Pin=U1-50
Added Net: Name=NetU1_50
Added Pin To Net: NetName=NetU1_52 Pin=U1-52
Added Net: Name=NetU1_52
Added Pin To Net: NetName=NetU1_59 Pin=U1-59
Added Net: Name=NetU1_59
Added Pin To Net: NetName=NetU1_71 Pin=U1-71
Added Net: Name=NetU1_71
Added Net: Name=R/W
Added Pin To Net: NetName=RST Pin=Rrst-2
Added Net: Name=RST
Added Member To Class: ClassName=Nucleo Member=Component B1 Button small
Added Member To Class: ClassName=Nucleo Member=Component B2 Button small
Added Member To Class: ClassName=Nucleo Member=Component C1 100nF
Added Member To Class: ClassName=Nucleo Member=Component C2 100nF
Added Member To Class: ClassName=Nucleo Member=Component C3 100nF
Added Member To Class: ClassName=Nucleo Member=Component C4 100nF
Added Member To Class: ClassName=Nucleo Member=Component C5 100nF
Added Member To Class: ClassName=Nucleo Member=Component C6 100nF
Added Member To Class: ClassName=Nucleo Member=Component C7 100nF
Added Member To Class: ClassName=Nucleo Member=Component D1 ZENER
Added Member To Class: ClassName=Nucleo Member=Component J1 2.xmm
Added Member To Class: ClassName=Nucleo Member=Component Q1 PMOS
Added Member To Class: ClassName=Nucleo Member=Component R1 3K9
Added Member To Class: ClassName=Nucleo Member=Component R/oe 100K
Added Member To Class: ClassName=Nucleo Member=Component RB1 100K
Added Member To Class: ClassName=Nucleo Member=Component RB2 100K
Added Member To Class: ClassName=Nucleo Member=Component Rcr 27R
Added Member To Class: ClassName=Nucleo Member=Component Rd0 1K
Added Member To Class: ClassName=Nucleo Member=Component Rd1 1K
Added Member To Class: ClassName=Nucleo Member=Component Rd2 1K
Added Member To Class: ClassName=Nucleo Member=Component Rd3 1K
Added Member To Class: ClassName=Nucleo Member=Component Rd4 1K
Added Member To Class: ClassName=Nucleo Member=Component Rd5 1K
Added Member To Class: ClassName=Nucleo Member=Component Rd6 1K
Added Member To Class: ClassName=Nucleo Member=Component Rd7 1K
Added Member To Class: ClassName=Nucleo Member=Component Rload 4K7
Added Member To Class: ClassName=Nucleo Member=Component Rrst 10K
Added Member To Class: ClassName=Nucleo Member=Component RTrim RPot
Added Room: Name=Nucleo
