Removed Pin From Net: NetName=STM_LCD0 Pin=Rd0-1
Removed Pin From Net: NetName=STM_LCD1 Pin=Rd1-1
Removed Pin From Net: NetName=STM_LCD2 Pin=Rd2-1
Removed Pin From Net: NetName=STM_LCD3 Pin=Rd3-1
Removed Pin From Net: NetName=STM_LCD4 Pin=Rd4-1
Removed Pin From Net: NetName=STM_LCD5 Pin=Rd5-1
Removed Pin From Net: NetName=STM_LCD6 Pin=Rd6-1
Removed Pin From Net: NetName=STM_LCD7 Pin=Rd7-1
Removed Pin From Net: NetName=B7 Pin=U2-11
Removed Pin From Net: NetName=B6 Pin=U2-12
Removed Pin From Net: NetName=B5 Pin=U2-13
Removed Pin From Net: NetName=B4 Pin=U2-14
Removed Pin From Net: NetName=B3 Pin=U2-15
Removed Pin From Net: NetName=B2 Pin=U2-16
Removed Pin From Net: NetName=B1 Pin=U2-17
Removed Pin From Net: NetName=B0 Pin=U2-18
Added Pin To Net: NetName=STM_LCD0 Pin=Rd0-2
Added Pin To Net: NetName=STM_LCD1 Pin=Rd1-2
Added Pin To Net: NetName=STM_LCD2 Pin=Rd2-2
Added Pin To Net: NetName=STM_LCD3 Pin=Rd3-2
Added Pin To Net: NetName=STM_LCD4 Pin=Rd4-2
Added Pin To Net: NetName=STM_LCD5 Pin=Rd5-2
Added Pin To Net: NetName=STM_LCD6 Pin=Rd6-2
Added Pin To Net: NetName=STM_LCD7 Pin=Rd7-2
Added Pin To Net: NetName=B0 Pin=U2-2
Added Pin To Net: NetName=B1 Pin=U2-3
Added Pin To Net: NetName=B2 Pin=U2-4
Added Pin To Net: NetName=B3 Pin=U2-5
Added Pin To Net: NetName=B4 Pin=U2-6
Added Pin To Net: NetName=B5 Pin=U2-7
Added Pin To Net: NetName=B6 Pin=U2-8
Added Pin To Net: NetName=B7 Pin=U2-9
Added Pin To Net: NetName=NetRd0_1 Pin=Rd0-1
Added Pin To Net: NetName=NetRd0_1 Pin=U2-18
Added Net: Name=NetRd0_1
Added Pin To Net: NetName=NetRd1_1 Pin=Rd1-1
Added Pin To Net: NetName=NetRd1_1 Pin=U2-17
Added Net: Name=NetRd1_1
Added Pin To Net: NetName=NetRd2_1 Pin=Rd2-1
Added Pin To Net: NetName=NetRd2_1 Pin=U2-16
Added Net: Name=NetRd2_1
Added Pin To Net: NetName=NetRd3_1 Pin=Rd3-1
Added Pin To Net: NetName=NetRd3_1 Pin=U2-15
Added Net: Name=NetRd3_1
Added Pin To Net: NetName=NetRd4_1 Pin=Rd4-1
Added Pin To Net: NetName=NetRd4_1 Pin=U2-14
Added Net: Name=NetRd4_1
Added Pin To Net: NetName=NetRd5_1 Pin=Rd5-1
Added Pin To Net: NetName=NetRd5_1 Pin=U2-13
Added Net: Name=NetRd5_1
Added Pin To Net: NetName=NetRd6_1 Pin=Rd6-1
Added Pin To Net: NetName=NetRd6_1 Pin=U2-12
Added Net: Name=NetRd6_1
Added Pin To Net: NetName=NetRd7_1 Pin=Rd7-1
Added Pin To Net: NetName=NetRd7_1 Pin=U2-11
Added Net: Name=NetRd7_1
Added Room: Name=Nucleo
