Added Component: Designator=F1(FP_MULTIFUSE)
Add component. Clean all parameters for all variants
Add component (AddParameter): Name = "Name"; Value = "1.1A 16V 1812L110/16DR POLYFUSE SMD 1812 (LFS) ½LF110-16½"; VariantName = "[No Variations]"
Add component (AddParameter): Name = "Reference"; Value = "44-02-36"; VariantName = "[No Variations]"
Add component (AddParameter): Name = "Supplier"; Value = "Lomex"; VariantName = "[No Variations]"
Added Component: Designator=LCD1(64128Q)
Add component. Clean all parameters for all variants
Add component (AddParameter): Name = "Name"; Value = "128x 64 DOT LIGHT:LED 64128QCCBW-3LP (DIS) 0.4/DOT 75x53mm BLUE STN LOW.POW. WIDE TEMP. (CONTROLLER/DRIVER: SBN6400G-D + SBN0064G-D)"; VariantName = "[No Variations]"
Add component (AddParameter): Name = "Reference"; Value = "37-00-71"; VariantName = "[No Variations]"
Add component (AddParameter): Name = "Supplier"; Value = "Lomex"; VariantName = "[No Variations]"
Added Component: Designator=U2(SOP127P1030X265-20M)
Add component. Clean all parameters for all variants
Add component (AddParameter): Name = "Name"; Value = "74HCT245D  Transceiver, 74HCT245"; VariantName = "[No Variations]"
Add component (AddParameter): Name = "Reference"; Value = "87-06-35"; VariantName = "[No Variations]"
Add component (AddParameter): Name = "Supplier"; Value = "Lomex"; VariantName = "[No Variations]"
Added Component: Designator=U3(SOP127P1030X265-20M)
Add component. Clean all parameters for all variants
Add component (AddParameter): Name = "Name"; Value = "74HCT244D-Q100,118  Buffer / Line Driver, 74HCT244"; VariantName = "[No Variations]"
Add component (AddParameter): Name = "Reference"; Value = "87-05-95"; VariantName = "[No Variations]"
Add component (AddParameter): Name = "Supplier"; Value = "Lomex"; VariantName = "[No Variations]"
Added Pin To Net: NetName=NetF1_1 Pin=F1-1
Added Pin To Net: NetName=+5 Pin=F1-2
Added Pin To Net: NetName=+5 Pin=LCD1-1
Added Pin To Net: NetName=GND Pin=LCD1-2
Added Pin To Net: NetName=NetLCD1_3 Pin=LCD1-3
Added Pin To Net: NetName=B0 Pin=LCD1-4
Added Pin To Net: NetName=B1 Pin=LCD1-5
Added Pin To Net: NetName=B2 Pin=LCD1-6
Added Pin To Net: NetName=B3 Pin=LCD1-7
Added Pin To Net: NetName=B4 Pin=LCD1-8
Added Pin To Net: NetName=B5 Pin=LCD1-9
Added Pin To Net: NetName=B6 Pin=LCD1-10
Added Pin To Net: NetName=B7 Pin=LCD1-11
Added Pin To Net: NetName=/CS1 Pin=LCD1-12
Added Pin To Net: NetName=/CS2 Pin=LCD1-13
Added Pin To Net: NetName=RST Pin=LCD1-14
Added Pin To Net: NetName=R/W Pin=LCD1-15
Added Pin To Net: NetName=D/I Pin=LCD1-16
Added Pin To Net: NetName=E Pin=LCD1-17
Added Pin To Net: NetName=NetLCD1_18 Pin=LCD1-18
Added Pin To Net: NetName=+5 Pin=LCD1-19
Added Pin To Net: NetName=NetLCD1_20 Pin=LCD1-20
Added Pin To Net: NetName=STM_R/W Pin=U2-1
Added Pin To Net: NetName=NetRd0_2 Pin=U2-2
Added Pin To Net: NetName=NetRd1_2 Pin=U2-3
Added Pin To Net: NetName=NetRd2_2 Pin=U2-4
Added Pin To Net: NetName=NetRd3_2 Pin=U2-5
Added Pin To Net: NetName=NetRd4_2 Pin=U2-6
Added Pin To Net: NetName=NetRd5_2 Pin=U2-7
Added Pin To Net: NetName=NetRd6_2 Pin=U2-8
Added Pin To Net: NetName=NetRd7_2 Pin=U2-9
Added Pin To Net: NetName=GND Pin=U2-10
Added Pin To Net: NetName=B7 Pin=U2-11
Added Pin To Net: NetName=B6 Pin=U2-12
Added Pin To Net: NetName=B5 Pin=U2-13
Added Pin To Net: NetName=B4 Pin=U2-14
Added Pin To Net: NetName=B3 Pin=U2-15
Added Pin To Net: NetName=B2 Pin=U2-16
Added Pin To Net: NetName=B1 Pin=U2-17
Added Pin To Net: NetName=B0 Pin=U2-18
Added Pin To Net: NetName=STM_/OE Pin=U2-19
Added Pin To Net: NetName=+5 Pin=U2-20
Added Pin To Net: NetName=STM_/OE Pin=U3-1
Added Pin To Net: NetName=STM_/CS1 Pin=U3-2
Added Pin To Net: NetName=D/I Pin=U3-3
Added Pin To Net: NetName=STM_/CS2 Pin=U3-4
Added Pin To Net: NetName=RST Pin=U3-5
Added Pin To Net: NetName=STM_E Pin=U3-6
Added Pin To Net: NetName=STM_R/W Pin=U3-8
Added Pin To Net: NetName=GND Pin=U3-10
Added Pin To Net: NetName=GND Pin=U3-11
Added Pin To Net: NetName=R/W Pin=U3-12
Added Pin To Net: NetName=GND Pin=U3-13
Added Pin To Net: NetName=E Pin=U3-14
Added Pin To Net: NetName=STM_RST Pin=U3-15
Added Pin To Net: NetName=/CS2 Pin=U3-16
Added Pin To Net: NetName=STM_D/I Pin=U3-17
Added Pin To Net: NetName=/CS1 Pin=U3-18
Added Pin To Net: NetName=STM_/OE Pin=U3-19
Added Pin To Net: NetName=+5 Pin=U3-20
Added Member To Class: ClassName=Nucleo Member=Component F1 Multifuse
Added Member To Class: ClassName=Nucleo Member=Component LCD1 64128QCCBW-3LP
Added Member To Class: ClassName=Nucleo Member=Component U2 74HCT245
Added Member To Class: ClassName=Nucleo Member=Component U3 74HCT244D
